<?xml version="1.0" encoding="UTF-8"?>
<testng-results ignored="0" total="7" passed="6" failed="1" skipped="0">
  <reporter-output>
  </reporter-output>
  <suite started-at="2021-11-23T18:30:57 IST" name="Suite" finished-at="2021-11-23T18:32:00 IST" duration-ms="63317">
    <groups>
    </groups>
    <test started-at="2021-11-23T18:30:57 IST" name="Test" finished-at="2021-11-23T18:32:00 IST" duration-ms="63317">
      <class name="testCases.TC001_HomePageValidation">
        <test-method is-config="true" signature="setUp(java.lang.String)[pri:0, instance:testCases.TC001_HomePageValidation@4b5a5ed1]" started-at="2021-11-23T18:30:57 IST" name="setUp" finished-at="2021-11-23T18:31:01 IST" duration-ms="4710" status="PASS">
          <params>
            <param index="0">
              <value>
                <![CDATA[Firefox]]>
              </value>
            </param>
          </params>
          <reporter-output>
          </reporter-output>
        </test-method> <!-- setUp -->
        <test-method signature="verifySizesFilter()[pri:0, instance:testCases.TC001_HomePageValidation@4b5a5ed1]" started-at="2021-11-23T18:31:06 IST" name="verifySizesFilter" finished-at="2021-11-23T18:31:37 IST" duration-ms="31564" status="PASS">
          <reporter-output>
          </reporter-output>
        </test-method> <!-- verifySizesFilter -->
        <test-method is-config="true" signature="screenShot(org.testng.ITestResult)[pri:0, instance:testCases.TC001_HomePageValidation@4b5a5ed1]" started-at="2021-11-23T18:31:37 IST" name="screenShot" finished-at="2021-11-23T18:31:37 IST" duration-ms="1" status="PASS">
          <params>
            <param index="0">
              <value>
                <![CDATA[[TestResult name=verifySizesFilter status=SUCCESS method=TC001_HomePageValidation.verifySizesFilter()[pri:0, instance:testCases.TC001_HomePageValidation@4b5a5ed1] output={null}]]]>
              </value>
            </param>
          </params>
          <reporter-output>
          </reporter-output>
        </test-method> <!-- screenShot -->
        <test-method signature="verifyOrderBySorting()[pri:1, instance:testCases.TC001_HomePageValidation@4b5a5ed1]" started-at="2021-11-23T18:31:37 IST" name="verifyOrderBySorting" finished-at="2021-11-23T18:31:42 IST" duration-ms="4576" status="PASS">
          <reporter-output>
          </reporter-output>
        </test-method> <!-- verifyOrderBySorting -->
        <test-method is-config="true" signature="screenShot(org.testng.ITestResult)[pri:0, instance:testCases.TC001_HomePageValidation@4b5a5ed1]" started-at="2021-11-23T18:31:42 IST" name="screenShot" finished-at="2021-11-23T18:31:42 IST" duration-ms="0" status="PASS">
          <params>
            <param index="0">
              <value>
                <![CDATA[[TestResult name=verifyOrderBySorting status=SUCCESS method=TC001_HomePageValidation.verifyOrderBySorting()[pri:1, instance:testCases.TC001_HomePageValidation@4b5a5ed1] output={null}]]]>
              </value>
            </param>
          </params>
          <reporter-output>
          </reporter-output>
        </test-method> <!-- screenShot -->
        <test-method signature="addItemsInCart()[pri:2, instance:testCases.TC001_HomePageValidation@4b5a5ed1]" started-at="2021-11-23T18:31:42 IST" name="addItemsInCart" finished-at="2021-11-23T18:31:44 IST" duration-ms="2477" status="PASS">
          <reporter-output>
          </reporter-output>
        </test-method> <!-- addItemsInCart -->
        <test-method is-config="true" signature="screenShot(org.testng.ITestResult)[pri:0, instance:testCases.TC001_HomePageValidation@4b5a5ed1]" started-at="2021-11-23T18:31:44 IST" name="screenShot" finished-at="2021-11-23T18:31:44 IST" duration-ms="0" status="PASS">
          <params>
            <param index="0">
              <value>
                <![CDATA[[TestResult name=addItemsInCart status=SUCCESS method=TC001_HomePageValidation.addItemsInCart()[pri:2, instance:testCases.TC001_HomePageValidation@4b5a5ed1] output={null}]]]>
              </value>
            </param>
          </params>
          <reporter-output>
          </reporter-output>
        </test-method> <!-- screenShot -->
        <test-method is-config="true" signature="closeBrowser()[pri:0, instance:testCases.TC001_HomePageValidation@4b5a5ed1]" started-at="2021-11-23T18:31:57 IST" name="closeBrowser" finished-at="2021-11-23T18:31:59 IST" duration-ms="1903" status="PASS">
          <reporter-output>
          </reporter-output>
        </test-method> <!-- closeBrowser -->
      </class> <!-- testCases.TC001_HomePageValidation -->
      <class name="testCases.TC002_CartValidation">
        <test-method is-config="true" signature="setUp(java.lang.String)[pri:0, instance:testCases.TC002_CartValidation@59d016c9]" started-at="2021-11-23T18:31:01 IST" name="setUp" finished-at="2021-11-23T18:31:06 IST" duration-ms="4097" status="PASS">
          <params>
            <param index="0">
              <value>
                <![CDATA[Firefox]]>
              </value>
            </param>
          </params>
          <reporter-output>
          </reporter-output>
        </test-method> <!-- setUp -->
        <test-method signature="cartFunctionality()[pri:0, instance:testCases.TC002_CartValidation@59d016c9]" started-at="2021-11-23T18:31:44 IST" name="cartFunctionality" finished-at="2021-11-23T18:31:47 IST" duration-ms="2493" status="PASS">
          <reporter-output>
          </reporter-output>
        </test-method> <!-- cartFunctionality -->
        <test-method is-config="true" signature="screenShot(org.testng.ITestResult)[pri:0, instance:testCases.TC002_CartValidation@59d016c9]" started-at="2021-11-23T18:31:47 IST" name="screenShot" finished-at="2021-11-23T18:31:47 IST" duration-ms="1" status="PASS">
          <params>
            <param index="0">
              <value>
                <![CDATA[[TestResult name=cartFunctionality status=SUCCESS method=TC002_CartValidation.cartFunctionality()[pri:0, instance:testCases.TC002_CartValidation@59d016c9] output={null}]]]>
              </value>
            </param>
          </params>
          <reporter-output>
          </reporter-output>
        </test-method> <!-- screenShot -->
        <test-method signature="updateItemsInCart()[pri:1, instance:testCases.TC002_CartValidation@59d016c9]" started-at="2021-11-23T18:31:47 IST" name="updateItemsInCart" finished-at="2021-11-23T18:31:53 IST" duration-ms="6179" status="PASS">
          <reporter-output>
          </reporter-output>
        </test-method> <!-- updateItemsInCart -->
        <test-method is-config="true" signature="screenShot(org.testng.ITestResult)[pri:0, instance:testCases.TC002_CartValidation@59d016c9]" started-at="2021-11-23T18:31:53 IST" name="screenShot" finished-at="2021-11-23T18:31:53 IST" duration-ms="0" status="PASS">
          <params>
            <param index="0">
              <value>
                <![CDATA[[TestResult name=updateItemsInCart status=SUCCESS method=TC002_CartValidation.updateItemsInCart()[pri:1, instance:testCases.TC002_CartValidation@59d016c9] output={null}]]]>
              </value>
            </param>
          </params>
          <reporter-output>
          </reporter-output>
        </test-method> <!-- screenShot -->
        <test-method signature="numberOfItemsInCartAfterBrowserRefresh()[pri:2, instance:testCases.TC002_CartValidation@59d016c9]" started-at="2021-11-23T18:31:53 IST" name="numberOfItemsInCartAfterBrowserRefresh" finished-at="2021-11-23T18:31:56 IST" duration-ms="3484" status="FAIL">
          <exception class="java.lang.AssertionError">
            <message>
              <![CDATA[expected [2] but found [1]]]>
            </message>
            <full-stacktrace>
              <![CDATA[java.lang.AssertionError: expected [2] but found [1]
at org.testng.Assert.fail(Assert.java:99)
at org.testng.Assert.failNotEquals(Assert.java:1037)
at org.testng.Assert.assertEqualsImpl(Assert.java:140)
at org.testng.Assert.assertEquals(Assert.java:122)
at org.testng.Assert.assertEquals(Assert.java:629)
at org.testng.Assert.assertEquals(Assert.java:639)
at testCases.TC002_CartValidation.numberOfItemsInCartAfterBrowserRefresh(TC002_CartValidation.java:111)
at java.base/jdk.internal.reflect.NativeMethodAccessorImpl.invoke0(Native Method)
at java.base/jdk.internal.reflect.NativeMethodAccessorImpl.invoke(NativeMethodAccessorImpl.java:77)
at java.base/jdk.internal.reflect.DelegatingMethodAccessorImpl.invoke(DelegatingMethodAccessorImpl.java:43)
at java.base/java.lang.reflect.Method.invoke(Method.java:568)
at org.testng.internal.MethodInvocationHelper.invokeMethod(MethodInvocationHelper.java:132)
at org.testng.internal.TestInvoker.invokeMethod(TestInvoker.java:599)
at org.testng.internal.TestInvoker.invokeTestMethod(TestInvoker.java:174)
at org.testng.internal.MethodRunner.runInSequence(MethodRunner.java:46)
at org.testng.internal.TestInvoker$MethodInvocationAgent.invoke(TestInvoker.java:822)
at org.testng.internal.TestInvoker.invokeTestMethods(TestInvoker.java:147)
at org.testng.internal.TestMethodWorker.invokeTestMethods(TestMethodWorker.java:146)
at org.testng.internal.TestMethodWorker.run(TestMethodWorker.java:128)
at java.base/java.util.ArrayList.forEach(ArrayList.java:1511)
at org.testng.TestRunner.privateRun(TestRunner.java:764)
at org.testng.TestRunner.run(TestRunner.java:585)
at org.testng.SuiteRunner.runTest(SuiteRunner.java:384)
at org.testng.SuiteRunner.runSequentially(SuiteRunner.java:378)
at org.testng.SuiteRunner.privateRun(SuiteRunner.java:337)
at org.testng.SuiteRunner.run(SuiteRunner.java:286)
at org.testng.SuiteRunnerWorker.runSuite(SuiteRunnerWorker.java:53)
at org.testng.SuiteRunnerWorker.run(SuiteRunnerWorker.java:96)
at org.testng.TestNG.runSuitesSequentially(TestNG.java:1218)
at org.testng.TestNG.runSuitesLocally(TestNG.java:1140)
at org.testng.TestNG.runSuites(TestNG.java:1069)
at org.testng.TestNG.run(TestNG.java:1037)
at org.testng.remote.AbstractRemoteTestNG.run(AbstractRemoteTestNG.java:115)
at org.testng.remote.RemoteTestNG.initAndRun(RemoteTestNG.java:251)
at org.testng.remote.RemoteTestNG.main(RemoteTestNG.java:77)
]]>
            </full-stacktrace>
          </exception> <!-- java.lang.AssertionError -->
          <reporter-output>
          </reporter-output>
        </test-method> <!-- numberOfItemsInCartAfterBrowserRefresh -->
        <test-method is-config="true" signature="screenShot(org.testng.ITestResult)[pri:0, instance:testCases.TC002_CartValidation@59d016c9]" started-at="2021-11-23T18:31:56 IST" name="screenShot" finished-at="2021-11-23T18:31:57 IST" duration-ms="208" status="PASS">
          <params>
            <param index="0">
              <value>
                <![CDATA[[TestResult name=numberOfItemsInCartAfterBrowserRefresh status=FAILURE method=TC002_CartValidation.numberOfItemsInCartAfterBrowserRefresh()[pri:2, instance:testCases.TC002_CartValidation@59d016c9] output={null}]]]>
              </value>
            </param>
          </params>
          <reporter-output>
          </reporter-output>
        </test-method> <!-- screenShot -->
        <test-method signature="checkout()[pri:3, instance:testCases.TC002_CartValidation@59d016c9]" started-at="2021-11-23T18:31:57 IST" name="checkout" finished-at="2021-11-23T18:31:57 IST" duration-ms="79" status="PASS">
          <reporter-output>
          </reporter-output>
        </test-method> <!-- checkout -->
        <test-method is-config="true" signature="screenShot(org.testng.ITestResult)[pri:0, instance:testCases.TC002_CartValidation@59d016c9]" started-at="2021-11-23T18:31:57 IST" name="screenShot" finished-at="2021-11-23T18:31:57 IST" duration-ms="1" status="PASS">
          <params>
            <param index="0">
              <value>
                <![CDATA[[TestResult name=checkout status=SUCCESS method=TC002_CartValidation.checkout()[pri:3, instance:testCases.TC002_CartValidation@59d016c9] output={null}]]]>
              </value>
            </param>
          </params>
          <reporter-output>
          </reporter-output>
        </test-method> <!-- screenShot -->
        <test-method is-config="true" signature="closeBrowser()[pri:0, instance:testCases.TC002_CartValidation@59d016c9]" started-at="2021-11-23T18:31:59 IST" name="closeBrowser" finished-at="2021-11-23T18:32:00 IST" duration-ms="1501" status="PASS">
          <reporter-output>
          </reporter-output>
        </test-method> <!-- closeBrowser -->
      </class> <!-- testCases.TC002_CartValidation -->
    </test> <!-- Test -->
  </suite> <!-- Suite -->
</testng-results>
